Exception in thread Thread-4 (handle_client):
Traceback (most recent call last):
  File "C:\Users\ewolgeb\AppData\Local\Programs\Python\Python312\Lib\threading.py", line 1073, in _bootstrap_inner
    self.run()
  File "C:\Users\ewolgeb\AppData\Local\Programs\Python\Python312\Lib\threading.py", line 1010, in run
    self._target(*self._args, **self._kwargs)
  File "c:\Users\ewolgeb\OneDrive - Ericsson\Desktop\ericsson\2,python and golang\shell_navigator\mvp\mock_server.py", line 149, in handle_client
    handle_shell(channel)
  File "c:\Users\ewolgeb\OneDrive - Ericsson\Desktop\ericsson\2,python and golang\shell_navigator\mvp\mock_server.py", line 125, in handle_shell
    channel.close()
  File "C:\Users\ewolgeb\AppData\Local\Programs\Python\Python312\Lib\site-packages\paramiko\channel.py", line 669, in close
    self.transport._send_user_message(m)
  File "C:\Users\ewolgeb\AppData\Local\Programs\Python\Python312\Lib\site-packages\paramiko\transport.py", line 1982, in _send_user_message
    self._send_message(data)
  File "C:\Users\ewolgeb\AppData\Local\Programs\Python\Python312\Lib\site-packages\paramiko\transport.py", line 1958, in _send_message
    self.packetizer.send_message(data)
  File "C:\Users\ewolgeb\AppData\Local\Programs\Python\Python312\Lib\site-packages\paramiko\packet.py", line 468, in send_message
    self.write_all(out)
  File "C:\Users\ewolgeb\AppData\Local\Programs\Python\Python312\Lib\site-packages\paramiko\packet.py", line 382, in write_all
    raise EOFError()
EOFError
