map[]
true true
La población de España es 46940000 habitantes
La población de Portugal es 10280000 habitantes
La población de Francia es 66990000 habitantes

La población de Francia es 66990000 habitantes
La población de España es 46940000 habitantes
La población de Portugal es 10280000 habitantes
La población de Italia es 0 habitantes
Población desconocida
La población de Portugal es 10280000 habitantes
La población de Francia es 66990000 habitantes
a: map[ 1:true  2:true  3:true  4:false  5:true  6:false] / len: 6
a: map[] / len: 0
[3]: false
Grand Slams ganados por Rafael Nadal: 2
Grand Slams ganados por Rafael Nadal: 14
Grand Slams ganados por Rafael Nadal: 2
Grand Slams ganados por Rafael Nadal: 4
Grand Slams ganados por Rafael Nadal: 2
Grand Slams ganados por Rafael Nadal: 4
Grand Slams ganados por Rafael Nadal: 2
